D:\SCHOOL\2018 YEAR\FALL 2018\CIST 2361\LAB 12\MEMBERSHIP FEES INCREASE\MEMBERSHIP FEES INCREASE\DEBUG\MEMBERSHIPFEESINCREASE.OBJ
D:\SCHOOL\2018 YEAR\FALL 2018\CIST 2361\LAB 12\MEMBERSHIP FEES INCREASE\MEMBERSHIP FEES INCREASE\DEBUG\VC110.PDB
D:\SCHOOL\2018 YEAR\FALL 2018\CIST 2361\LAB 12\MEMBERSHIP FEES INCREASE\DEBUG\MEMBERSHIP FEES INCREASE.ILK
D:\SCHOOL\2018 YEAR\FALL 2018\CIST 2361\LAB 12\MEMBERSHIP FEES INCREASE\DEBUG\MEMBERSHIP FEES INCREASE.EXE
D:\SCHOOL\2018 YEAR\FALL 2018\CIST 2361\LAB 12\MEMBERSHIP FEES INCREASE\DEBUG\MEMBERSHIP FEES INCREASE.PDB
D:\school\2018 Year\Fall 2018\CIST 2361\Lab 12\Membership Fees Increase\Membership Fees Increase\Debug\MembershipFeesIncrease.obj
D:\school\2018 Year\Fall 2018\CIST 2361\Lab 12\Membership Fees Increase\Membership Fees Increase\Debug\CL.read.1.tlog
D:\school\2018 Year\Fall 2018\CIST 2361\Lab 12\Membership Fees Increase\Membership Fees Increase\Debug\CL.write.1.tlog
D:\school\2018 Year\Fall 2018\CIST 2361\Lab 12\Membership Fees Increase\Membership Fees Increase\Debug\cl.command.1.tlog
D:\school\2018 Year\Fall 2018\CIST 2361\Lab 12\Membership Fees Increase\Membership Fees Increase\Debug\link-rc.read.1.tlog
D:\school\2018 Year\Fall 2018\CIST 2361\Lab 12\Membership Fees Increase\Membership Fees Increase\Debug\link-rc.write.1.tlog
D:\school\2018 Year\Fall 2018\CIST 2361\Lab 12\Membership Fees Increase\Membership Fees Increase\Debug\link-cvtres.read.1.tlog
D:\school\2018 Year\Fall 2018\CIST 2361\Lab 12\Membership Fees Increase\Membership Fees Increase\Debug\link-cvtres.write.1.tlog
D:\school\2018 Year\Fall 2018\CIST 2361\Lab 12\Membership Fees Increase\Membership Fees Increase\Debug\link.read.1.tlog
D:\school\2018 Year\Fall 2018\CIST 2361\Lab 12\Membership Fees Increase\Membership Fees Increase\Debug\link.write.1.tlog
D:\school\2018 Year\Fall 2018\CIST 2361\Lab 12\Membership Fees Increase\Membership Fees Increase\Debug\link.command.1.tlog
D:\school\2018 Year\Fall 2018\CIST 2361\Lab 12\Membership Fees Increase\Membership Fees Increase\Debug\vc110.idb
D:\school\2018 Year\Fall 2018\CIST 2361\Lab 12\Membership Fees Increase\Membership Fees Increase\Debug\vc110.pdb
D:\school\2018 Year\Fall 2018\CIST 2361\Lab 12\Membership Fees Increase\Debug\Membership Fees Increase.pdb
D:\school\2018 Year\Fall 2018\CIST 2361\Lab 12\Membership Fees Increase\Debug\Membership Fees Increase.exe
D:\school\2018 Year\Fall 2018\CIST 2361\Lab 12\Membership Fees Increase\Debug\Membership Fees Increase.ilk
